..\Build\Release\USBDev.pdb
H:\PROJECT\USBCAPTURE\SDK\BUILD\RELEASE\USBDEV.DLL
H:\Project\USBCapture\SDK\Build\Release\USBDev.exp
H:\Project\USBCapture\SDK\Build\Release\USBDev.lib
H:\PROJECT\USBCAPTURE\SDK\BUILD\RELEASE\USBDEV.PDB
H:\Project\USBCapture\SDK\USBDev\..\Build\Release\USBDev.dll
H:\PROJECT\USBCAPTURE\SDK\USBDEV\RELEASE\BAYER2RGBA.OBJ
H:\Project\USBCapture\SDK\USBDev\Release\cl.command.1.tlog
H:\Project\USBCapture\SDK\USBDev\Release\CL.read.1.tlog
H:\Project\USBCapture\SDK\USBDev\Release\CL.write.1.tlog
H:\PROJECT\USBCAPTURE\SDK\USBDEV\RELEASE\CYAPI.OBJ
H:\PROJECT\USBCAPTURE\SDK\USBDEV\RELEASE\FRAMESYNC.OBJ
H:\Project\USBCapture\SDK\USBDev\Release\link.command.1.tlog
H:\Project\USBCapture\SDK\USBDev\Release\link.read.1.tlog
H:\Project\USBCapture\SDK\USBDev\Release\link.write.1.tlog
H:\Project\USBCapture\SDK\USBDev\Release\link-cvtres.read.1.tlog
H:\Project\USBCapture\SDK\USBDev\Release\link-cvtres.write.1.tlog
H:\Project\USBCapture\SDK\USBDev\Release\mt.command.1.tlog
H:\Project\USBCapture\SDK\USBDev\Release\mt.read.1.tlog
H:\Project\USBCapture\SDK\USBDev\Release\mt.write.1.tlog
H:\PROJECT\USBCAPTURE\SDK\USBDEV\RELEASE\RAWSTREAMPARSER.OBJ
H:\Project\USBCapture\SDK\USBDev\Release\rc.command.1.tlog
H:\Project\USBCapture\SDK\USBDev\Release\rc.read.1.tlog
H:\Project\USBCapture\SDK\USBDev\Release\rc.write.1.tlog
H:\PROJECT\USBCAPTURE\SDK\USBDEV\RELEASE\RESOURCES.RES
H:\PROJECT\USBCAPTURE\SDK\USBDEV\RELEASE\SEMAPHORE_WIN.OBJ
H:\PROJECT\USBCAPTURE\SDK\USBDEV\RELEASE\THREADS_WIN.OBJ
H:\PROJECT\USBCAPTURE\SDK\USBDEV\RELEASE\USBCONTROLLER.OBJ
H:\PROJECT\USBCAPTURE\SDK\USBDEV\RELEASE\USBDEV.DLL.INTERMEDIATE.MANIFEST
H:\PROJECT\USBCAPTURE\SDK\USBDEV\RELEASE\USBDEV.OBJ
H:\Project\USBCapture\SDK\USBDev\Release\USBDev.vcxprojResolveAssemblyReference.cache
H:\Project\USBCapture\SDK\USBDev\Release\USBDev.write.1.tlog
H:\PROJECT\USBCAPTURE\SDK\USBDEV\RELEASE\USBDEVICE_CROP.OBJ
H:\PROJECT\USBCAPTURE\SDK\USBDEV\RELEASE\USBDEVICE_FRAMERECV.OBJ
H:\PROJECT\USBCAPTURE\SDK\USBDEV\RELEASE\USBDEVICE_GETFRAME.OBJ
H:\PROJECT\USBCAPTURE\SDK\USBDEV\RELEASE\USBIO_WIN.OBJ
H:\PROJECT\USBCAPTURE\SDK\USBDEV\RELEASE\VC100.PDB
