Build started 2018/1/9 8:09:16.
     1>Project "H:\Project\USBCapture\SDK\USBDev\USBDev_App.vcxproj" on node 2 (rebuild target(s)).
     1>C:\Program Files (x86)\MSBuild\Microsoft.Cpp\v4.0\Microsoft.CppBuild.targets(299,5): warning MSB8004: Output Directory does not end with a trailing slash.  This build instance will add the slash as it is required to allow proper evaluation of the Output Directory.
     1>InitializeBuildStatus:
         Creating "Debug\USBDev_App.unsuccessfulbuild" because "AlwaysCreate" was specified.
       ClCompile:
         C:\Program Files (x86)\Microsoft Visual Studio 10.0\VC\bin\CL.exe /c /ZI /nologo /W3 /WX- /Od /Oy- /D WIN32 /D _DEBUG /D _CONSOLE /D USEHWMONITOR=0 /D "LIBVER=\"1.2.1.7\"" /D _MBCS /Gm /EHsc /RTC1 /MDd /GS /fp:precise /Zc:wchar_t /Zc:forScope /Fo"Debug\\" /Fd"Debug\vc100.pdb" /Gd /TP /analyze- /errorReport:prompt Bayer2RGBA.cpp FrameSync.cpp Misc\Semaphore_WIN.cpp Misc\Threads_WIN.cpp RawStreamParser.cpp Test\main.cpp USBController.cpp USBDev.cpp USBDevice\USBDevice_Crop.cpp USBDevice\USBDevice_FrameRecv.cpp USBDevice\USBDevice_GetFrame.cpp USBIO\CyAPI.cpp USBIO\USBIO_WIN.cpp
         USBIO_WIN.cpp
         CyAPI.cpp
     1>h:\project\usbcapture\sdk\usbdev\usbio\cyapi.cpp(415): warning C4101: 'tmpInterfaceDeviceDetailData' : unreferenced local variable
     1>h:\project\usbcapture\sdk\usbdev\usbio\cyapi.cpp(1246): warning C4996: 'sprintf': This function or variable may be unsafe. Consider using sprintf_s instead. To disable deprecation, use _CRT_SECURE_NO_WARNINGS. See online help for details.
                 c:\program files (x86)\microsoft visual studio 10.0\vc\include\stdio.h(371) : see declaration of 'sprintf'
     1>h:\project\usbcapture\sdk\usbdev\usbio\cyapi.cpp(1247): warning C4996: 'sprintf': This function or variable may be unsafe. Consider using sprintf_s instead. To disable deprecation, use _CRT_SECURE_NO_WARNINGS. See online help for details.
                 c:\program files (x86)\microsoft visual studio 10.0\vc\include\stdio.h(371) : see declaration of 'sprintf'
     1>h:\project\usbcapture\sdk\usbdev\usbio\cyapi.cpp(1251): warning C4996: 'sprintf': This function or variable may be unsafe. Consider using sprintf_s instead. To disable deprecation, use _CRT_SECURE_NO_WARNINGS. See online help for details.
                 c:\program files (x86)\microsoft visual studio 10.0\vc\include\stdio.h(371) : see declaration of 'sprintf'
     1>h:\project\usbcapture\sdk\usbdev\usbio\cyapi.cpp(1252): warning C4996: 'sprintf': This function or variable may be unsafe. Consider using sprintf_s instead. To disable deprecation, use _CRT_SECURE_NO_WARNINGS. See online help for details.
                 c:\program files (x86)\microsoft visual studio 10.0\vc\include\stdio.h(371) : see declaration of 'sprintf'
     1>h:\project\usbcapture\sdk\usbdev\usbio\cyapi.cpp(1253): warning C4996: 'sprintf': This function or variable may be unsafe. Consider using sprintf_s instead. To disable deprecation, use _CRT_SECURE_NO_WARNINGS. See online help for details.
                 c:\program files (x86)\microsoft visual studio 10.0\vc\include\stdio.h(371) : see declaration of 'sprintf'
     1>h:\project\usbcapture\sdk\usbdev\usbio\cyapi.cpp(1254): warning C4996: 'sprintf': This function or variable may be unsafe. Consider using sprintf_s instead. To disable deprecation, use _CRT_SECURE_NO_WARNINGS. See online help for details.
                 c:\program files (x86)\microsoft visual studio 10.0\vc\include\stdio.h(371) : see declaration of 'sprintf'
     1>h:\project\usbcapture\sdk\usbdev\usbio\cyapi.cpp(1259): warning C4996: 'sprintf': This function or variable may be unsafe. Consider using sprintf_s instead. To disable deprecation, use _CRT_SECURE_NO_WARNINGS. See online help for details.
                 c:\program files (x86)\microsoft visual studio 10.0\vc\include\stdio.h(371) : see declaration of 'sprintf'
     1>h:\project\usbcapture\sdk\usbdev\usbio\cyapi.cpp(1260): warning C4996: 'sprintf': This function or variable may be unsafe. Consider using sprintf_s instead. To disable deprecation, use _CRT_SECURE_NO_WARNINGS. See online help for details.
                 c:\program files (x86)\microsoft visual studio 10.0\vc\include\stdio.h(371) : see declaration of 'sprintf'
     1>h:\project\usbcapture\sdk\usbdev\usbio\cyapi.cpp(1261): warning C4996: 'sprintf': This function or variable may be unsafe. Consider using sprintf_s instead. To disable deprecation, use _CRT_SECURE_NO_WARNINGS. See online help for details.
                 c:\program files (x86)\microsoft visual studio 10.0\vc\include\stdio.h(371) : see declaration of 'sprintf'
     1>h:\project\usbcapture\sdk\usbdev\usbio\cyapi.cpp(1262): warning C4996: 'sprintf': This function or variable may be unsafe. Consider using sprintf_s instead. To disable deprecation, use _CRT_SECURE_NO_WARNINGS. See online help for details.
                 c:\program files (x86)\microsoft visual studio 10.0\vc\include\stdio.h(371) : see declaration of 'sprintf'
     1>h:\project\usbcapture\sdk\usbdev\usbio\cyapi.cpp(1263): warning C4996: 'sprintf': This function or variable may be unsafe. Consider using sprintf_s instead. To disable deprecation, use _CRT_SECURE_NO_WARNINGS. See online help for details.
                 c:\program files (x86)\microsoft visual studio 10.0\vc\include\stdio.h(371) : see declaration of 'sprintf'
     1>h:\project\usbcapture\sdk\usbdev\usbio\cyapi.cpp(1264): warning C4996: 'sprintf': This function or variable may be unsafe. Consider using sprintf_s instead. To disable deprecation, use _CRT_SECURE_NO_WARNINGS. See online help for details.
                 c:\program files (x86)\microsoft visual studio 10.0\vc\include\stdio.h(371) : see declaration of 'sprintf'
     1>h:\project\usbcapture\sdk\usbdev\usbio\cyapi.cpp(1265): warning C4996: 'sprintf': This function or variable may be unsafe. Consider using sprintf_s instead. To disable deprecation, use _CRT_SECURE_NO_WARNINGS. See online help for details.
                 c:\program files (x86)\microsoft visual studio 10.0\vc\include\stdio.h(371) : see declaration of 'sprintf'
     1>h:\project\usbcapture\sdk\usbdev\usbio\cyapi.cpp(1266): warning C4996: 'sprintf': This function or variable may be unsafe. Consider using sprintf_s instead. To disable deprecation, use _CRT_SECURE_NO_WARNINGS. See online help for details.
                 c:\program files (x86)\microsoft visual studio 10.0\vc\include\stdio.h(371) : see declaration of 'sprintf'
     1>h:\project\usbcapture\sdk\usbdev\usbio\cyapi.cpp(1267): warning C4996: 'sprintf': This function or variable may be unsafe. Consider using sprintf_s instead. To disable deprecation, use _CRT_SECURE_NO_WARNINGS. See online help for details.
                 c:\program files (x86)\microsoft visual studio 10.0\vc\include\stdio.h(371) : see declaration of 'sprintf'
     1>h:\project\usbcapture\sdk\usbdev\usbio\cyapi.cpp(1268): warning C4996: 'sprintf': This function or variable may be unsafe. Consider using sprintf_s instead. To disable deprecation, use _CRT_SECURE_NO_WARNINGS. See online help for details.
                 c:\program files (x86)\microsoft visual studio 10.0\vc\include\stdio.h(371) : see declaration of 'sprintf'
     1>h:\project\usbcapture\sdk\usbdev\usbio\cyapi.cpp(1269): warning C4996: 'sprintf': This function or variable may be unsafe. Consider using sprintf_s instead. To disable deprecation, use _CRT_SECURE_NO_WARNINGS. See online help for details.
                 c:\program files (x86)\microsoft visual studio 10.0\vc\include\stdio.h(371) : see declaration of 'sprintf'
     1>h:\project\usbcapture\sdk\usbdev\usbio\cyapi.cpp(1270): warning C4996: 'sprintf': This function or variable may be unsafe. Consider using sprintf_s instead. To disable deprecation, use _CRT_SECURE_NO_WARNINGS. See online help for details.
                 c:\program files (x86)\microsoft visual studio 10.0\vc\include\stdio.h(371) : see declaration of 'sprintf'
     1>h:\project\usbcapture\sdk\usbdev\usbio\cyapi.cpp(1271): warning C4996: 'sprintf': This function or variable may be unsafe. Consider using sprintf_s instead. To disable deprecation, use _CRT_SECURE_NO_WARNINGS. See online help for details.
                 c:\program files (x86)\microsoft visual studio 10.0\vc\include\stdio.h(371) : see declaration of 'sprintf'
     1>h:\project\usbcapture\sdk\usbdev\usbio\cyapi.cpp(1272): warning C4996: 'sprintf': This function or variable may be unsafe. Consider using sprintf_s instead. To disable deprecation, use _CRT_SECURE_NO_WARNINGS. See online help for details.
                 c:\program files (x86)\microsoft visual studio 10.0\vc\include\stdio.h(371) : see declaration of 'sprintf'
     1>h:\project\usbcapture\sdk\usbdev\usbio\cyapi.cpp(1273): warning C4996: 'sprintf': This function or variable may be unsafe. Consider using sprintf_s instead. To disable deprecation, use _CRT_SECURE_NO_WARNINGS. See online help for details.
                 c:\program files (x86)\microsoft visual studio 10.0\vc\include\stdio.h(371) : see declaration of 'sprintf'
     1>h:\project\usbcapture\sdk\usbdev\usbio\cyapi.cpp(1275): warning C4996: 'sprintf': This function or variable may be unsafe. Consider using sprintf_s instead. To disable deprecation, use _CRT_SECURE_NO_WARNINGS. See online help for details.
                 c:\program files (x86)\microsoft visual studio 10.0\vc\include\stdio.h(371) : see declaration of 'sprintf'
     1>h:\project\usbcapture\sdk\usbdev\usbio\cyapi.cpp(1276): warning C4996: 'sprintf': This function or variable may be unsafe. Consider using sprintf_s instead. To disable deprecation, use _CRT_SECURE_NO_WARNINGS. See online help for details.
                 c:\program files (x86)\microsoft visual studio 10.0\vc\include\stdio.h(371) : see declaration of 'sprintf'
     1>h:\project\usbcapture\sdk\usbdev\usbio\cyapi.cpp(1277): warning C4996: 'sprintf': This function or variable may be unsafe. Consider using sprintf_s instead. To disable deprecation, use _CRT_SECURE_NO_WARNINGS. See online help for details.
                 c:\program files (x86)\microsoft visual studio 10.0\vc\include\stdio.h(371) : see declaration of 'sprintf'
     1>h:\project\usbcapture\sdk\usbdev\usbio\cyapi.cpp(1278): warning C4996: 'sprintf': This function or variable may be unsafe. Consider using sprintf_s instead. To disable deprecation, use _CRT_SECURE_NO_WARNINGS. See online help for details.
                 c:\program files (x86)\microsoft visual studio 10.0\vc\include\stdio.h(371) : see declaration of 'sprintf'
     1>h:\project\usbcapture\sdk\usbdev\usbio\cyapi.cpp(1279): warning C4996: 'sprintf': This function or variable may be unsafe. Consider using sprintf_s instead. To disable deprecation, use _CRT_SECURE_NO_WARNINGS. See online help for details.
                 c:\program files (x86)\microsoft visual studio 10.0\vc\include\stdio.h(371) : see declaration of 'sprintf'
     1>h:\project\usbcapture\sdk\usbdev\usbio\cyapi.cpp(1280): warning C4996: 'sprintf': This function or variable may be unsafe. Consider using sprintf_s instead. To disable deprecation, use _CRT_SECURE_NO_WARNINGS. See online help for details.
                 c:\program files (x86)\microsoft visual studio 10.0\vc\include\stdio.h(371) : see declaration of 'sprintf'
     1>h:\project\usbcapture\sdk\usbdev\usbio\cyapi.cpp(1281): warning C4996: 'sprintf': This function or variable may be unsafe. Consider using sprintf_s instead. To disable deprecation, use _CRT_SECURE_NO_WARNINGS. See online help for details.
                 c:\program files (x86)\microsoft visual studio 10.0\vc\include\stdio.h(371) : see declaration of 'sprintf'
     1>h:\project\usbcapture\sdk\usbdev\usbio\cyapi.cpp(1282): warning C4996: 'sprintf': This function or variable may be unsafe. Consider using sprintf_s instead. To disable deprecation, use _CRT_SECURE_NO_WARNINGS. See online help for details.
                 c:\program files (x86)\microsoft visual studio 10.0\vc\include\stdio.h(371) : see declaration of 'sprintf'
     1>h:\project\usbcapture\sdk\usbdev\usbio\cyapi.cpp(1283): warning C4996: 'sprintf': This function or variable may be unsafe. Consider using sprintf_s instead. To disable deprecation, use _CRT_SECURE_NO_WARNINGS. See online help for details.
                 c:\program files (x86)\microsoft visual studio 10.0\vc\include\stdio.h(371) : see declaration of 'sprintf'
     1>h:\project\usbcapture\sdk\usbdev\usbio\cyapi.cpp(1284): warning C4996: 'sprintf': This function or variable may be unsafe. Consider using sprintf_s instead. To disable deprecation, use _CRT_SECURE_NO_WARNINGS. See online help for details.
                 c:\program files (x86)\microsoft visual studio 10.0\vc\include\stdio.h(371) : see declaration of 'sprintf'
     1>h:\project\usbcapture\sdk\usbdev\usbio\cyapi.cpp(1285): warning C4996: 'sprintf': This function or variable may be unsafe. Consider using sprintf_s instead. To disable deprecation, use _CRT_SECURE_NO_WARNINGS. See online help for details.
                 c:\program files (x86)\microsoft visual studio 10.0\vc\include\stdio.h(371) : see declaration of 'sprintf'
     1>h:\project\usbcapture\sdk\usbdev\usbio\cyapi.cpp(1286): warning C4996: 'sprintf': This function or variable may be unsafe. Consider using sprintf_s instead. To disable deprecation, use _CRT_SECURE_NO_WARNINGS. See online help for details.
                 c:\program files (x86)\microsoft visual studio 10.0\vc\include\stdio.h(371) : see declaration of 'sprintf'
     1>h:\project\usbcapture\sdk\usbdev\usbio\cyapi.cpp(1287): warning C4996: 'sprintf': This function or variable may be unsafe. Consider using sprintf_s instead. To disable deprecation, use _CRT_SECURE_NO_WARNINGS. See online help for details.
                 c:\program files (x86)\microsoft visual studio 10.0\vc\include\stdio.h(371) : see declaration of 'sprintf'
     1>h:\project\usbcapture\sdk\usbdev\usbio\cyapi.cpp(1288): warning C4996: 'sprintf': This function or variable may be unsafe. Consider using sprintf_s instead. To disable deprecation, use _CRT_SECURE_NO_WARNINGS. See online help for details.
                 c:\program files (x86)\microsoft visual studio 10.0\vc\include\stdio.h(371) : see declaration of 'sprintf'
     1>h:\project\usbcapture\sdk\usbdev\usbio\cyapi.cpp(1289): warning C4996: 'sprintf': This function or variable may be unsafe. Consider using sprintf_s instead. To disable deprecation, use _CRT_SECURE_NO_WARNINGS. See online help for details.
                 c:\program files (x86)\microsoft visual studio 10.0\vc\include\stdio.h(371) : see declaration of 'sprintf'
     1>h:\project\usbcapture\sdk\usbdev\usbio\cyapi.cpp(1290): warning C4996: 'sprintf': This function or variable may be unsafe. Consider using sprintf_s instead. To disable deprecation, use _CRT_SECURE_NO_WARNINGS. See online help for details.
                 c:\program files (x86)\microsoft visual studio 10.0\vc\include\stdio.h(371) : see declaration of 'sprintf'
     1>h:\project\usbcapture\sdk\usbdev\usbio\cyapi.cpp(1292): warning C4996: 'sprintf': This function or variable may be unsafe. Consider using sprintf_s instead. To disable deprecation, use _CRT_SECURE_NO_WARNINGS. See online help for details.
                 c:\program files (x86)\microsoft visual studio 10.0\vc\include\stdio.h(371) : see declaration of 'sprintf'
     1>h:\project\usbcapture\sdk\usbdev\usbio\cyapi.cpp(1296): warning C4996: 'sprintf': This function or variable may be unsafe. Consider using sprintf_s instead. To disable deprecation, use _CRT_SECURE_NO_WARNINGS. See online help for details.
                 c:\program files (x86)\microsoft visual studio 10.0\vc\include\stdio.h(371) : see declaration of 'sprintf'
         USBDevice_GetFrame.cpp
     1>h:\project\usbcapture\sdk\usbdev\usbdevice\usbdevice_getframe.cpp(47): warning C4996: 'sprintf': This function or variable may be unsafe. Consider using sprintf_s instead. To disable deprecation, use _CRT_SECURE_NO_WARNINGS. See online help for details.
                 c:\program files (x86)\microsoft visual studio 10.0\vc\include\stdio.h(371) : see declaration of 'sprintf'
     1>h:\project\usbcapture\sdk\usbdev\usbdevice\usbdevice_getframe.cpp(67): warning C4996: 'sprintf': This function or variable may be unsafe. Consider using sprintf_s instead. To disable deprecation, use _CRT_SECURE_NO_WARNINGS. See online help for details.
                 c:\program files (x86)\microsoft visual studio 10.0\vc\include\stdio.h(371) : see declaration of 'sprintf'
     1>h:\project\usbcapture\sdk\usbdev\usbdevice\usbdevice_getframe.cpp(141): warning C4996: 'sprintf': This function or variable may be unsafe. Consider using sprintf_s instead. To disable deprecation, use _CRT_SECURE_NO_WARNINGS. See online help for details.
                 c:\program files (x86)\microsoft visual studio 10.0\vc\include\stdio.h(371) : see declaration of 'sprintf'
     1>h:\project\usbcapture\sdk\usbdev\usbdevice\usbdevice_getframe.cpp(163): warning C4996: 'sprintf': This function or variable may be unsafe. Consider using sprintf_s instead. To disable deprecation, use _CRT_SECURE_NO_WARNINGS. See online help for details.
                 c:\program files (x86)\microsoft visual studio 10.0\vc\include\stdio.h(371) : see declaration of 'sprintf'
     1>h:\project\usbcapture\sdk\usbdev\usbdevice\usbdevice_getframe.cpp(198): warning C4996: 'sprintf': This function or variable may be unsafe. Consider using sprintf_s instead. To disable deprecation, use _CRT_SECURE_NO_WARNINGS. See online help for details.
                 c:\program files (x86)\microsoft visual studio 10.0\vc\include\stdio.h(371) : see declaration of 'sprintf'
     1>h:\project\usbcapture\sdk\usbdev\usbdevice\usbdevice_getframe.cpp(222): warning C4996: 'sprintf': This function or variable may be unsafe. Consider using sprintf_s instead. To disable deprecation, use _CRT_SECURE_NO_WARNINGS. See online help for details.
                 c:\program files (x86)\microsoft visual studio 10.0\vc\include\stdio.h(371) : see declaration of 'sprintf'
     1>h:\project\usbcapture\sdk\usbdev\usbdevice\usbdevice_getframe.cpp(233): warning C4996: 'sprintf': This function or variable may be unsafe. Consider using sprintf_s instead. To disable deprecation, use _CRT_SECURE_NO_WARNINGS. See online help for details.
                 c:\program files (x86)\microsoft visual studio 10.0\vc\include\stdio.h(371) : see declaration of 'sprintf'
     1>h:\project\usbcapture\sdk\usbdev\usbdevice\usbdevice_getframe.cpp(240): warning C4996: 'sprintf': This function or variable may be unsafe. Consider using sprintf_s instead. To disable deprecation, use _CRT_SECURE_NO_WARNINGS. See online help for details.
                 c:\program files (x86)\microsoft visual studio 10.0\vc\include\stdio.h(371) : see declaration of 'sprintf'
     1>h:\project\usbcapture\sdk\usbdev\usbdevice\usbdevice_getframe.cpp(247): warning C4996: 'sprintf': This function or variable may be unsafe. Consider using sprintf_s instead. To disable deprecation, use _CRT_SECURE_NO_WARNINGS. See online help for details.
                 c:\program files (x86)\microsoft visual studio 10.0\vc\include\stdio.h(371) : see declaration of 'sprintf'
     1>h:\project\usbcapture\sdk\usbdev\usbdevice\usbdevice_getframe.cpp(256): warning C4996: 'sprintf': This function or variable may be unsafe. Consider using sprintf_s instead. To disable deprecation, use _CRT_SECURE_NO_WARNINGS. See online help for details.
                 c:\program files (x86)\microsoft visual studio 10.0\vc\include\stdio.h(371) : see declaration of 'sprintf'
         USBDevice_FrameRecv.cpp
         USBDevice_Crop.cpp
         USBDev.cpp
     1>h:\project\usbcapture\sdk\usbdev\usbdev.cpp(60): warning C4996: 'sprintf': This function or variable may be unsafe. Consider using sprintf_s instead. To disable deprecation, use _CRT_SECURE_NO_WARNINGS. See online help for details.
                 c:\program files (x86)\microsoft visual studio 10.0\vc\include\stdio.h(371) : see declaration of 'sprintf'
     1>h:\project\usbcapture\sdk\usbdev\usbdev.cpp(69): warning C4996: 'sprintf': This function or variable may be unsafe. Consider using sprintf_s instead. To disable deprecation, use _CRT_SECURE_NO_WARNINGS. See online help for details.
                 c:\program files (x86)\microsoft visual studio 10.0\vc\include\stdio.h(371) : see declaration of 'sprintf'
     1>h:\project\usbcapture\sdk\usbdev\usbdev.cpp(124): warning C4996: 'sprintf': This function or variable may be unsafe. Consider using sprintf_s instead. To disable deprecation, use _CRT_SECURE_NO_WARNINGS. See online help for details.
                 c:\program files (x86)\microsoft visual studio 10.0\vc\include\stdio.h(371) : see declaration of 'sprintf'
     1>h:\project\usbcapture\sdk\usbdev\usbdev.cpp(125): warning C4996: 'fopen': This function or variable may be unsafe. Consider using fopen_s instead. To disable deprecation, use _CRT_SECURE_NO_WARNINGS. See online help for details.
                 c:\program files (x86)\microsoft visual studio 10.0\vc\include\stdio.h(234) : see declaration of 'fopen'
     1>h:\project\usbcapture\sdk\usbdev\usbdev.cpp(129): warning C4996: 'fopen': This function or variable may be unsafe. Consider using fopen_s instead. To disable deprecation, use _CRT_SECURE_NO_WARNINGS. See online help for details.
                 c:\program files (x86)\microsoft visual studio 10.0\vc\include\stdio.h(234) : see declaration of 'fopen'
     1>h:\project\usbcapture\sdk\usbdev\usbdev.cpp(131): warning C4996: 'sprintf': This function or variable may be unsafe. Consider using sprintf_s instead. To disable deprecation, use _CRT_SECURE_NO_WARNINGS. See online help for details.
                 c:\program files (x86)\microsoft visual studio 10.0\vc\include\stdio.h(371) : see declaration of 'sprintf'
     1>h:\project\usbcapture\sdk\usbdev\usbdev.cpp(132): warning C4996: 'fopen': This function or variable may be unsafe. Consider using fopen_s instead. To disable deprecation, use _CRT_SECURE_NO_WARNINGS. See online help for details.
                 c:\program files (x86)\microsoft visual studio 10.0\vc\include\stdio.h(234) : see declaration of 'fopen'
     1>h:\project\usbcapture\sdk\usbdev\usbdev.cpp(136): warning C4996: 'fopen': This function or variable may be unsafe. Consider using fopen_s instead. To disable deprecation, use _CRT_SECURE_NO_WARNINGS. See online help for details.
                 c:\program files (x86)\microsoft visual studio 10.0\vc\include\stdio.h(234) : see declaration of 'fopen'
     1>h:\project\usbcapture\sdk\usbdev\usbdev.cpp(204): warning C4996: 'sprintf': This function or variable may be unsafe. Consider using sprintf_s instead. To disable deprecation, use _CRT_SECURE_NO_WARNINGS. See online help for details.
                 c:\program files (x86)\microsoft visual studio 10.0\vc\include\stdio.h(371) : see declaration of 'sprintf'
     1>h:\project\usbcapture\sdk\usbdev\usbdev.cpp(207): warning C4996: 'sprintf': This function or variable may be unsafe. Consider using sprintf_s instead. To disable deprecation, use _CRT_SECURE_NO_WARNINGS. See online help for details.
                 c:\program files (x86)\microsoft visual studio 10.0\vc\include\stdio.h(371) : see declaration of 'sprintf'
     1>h:\project\usbcapture\sdk\usbdev\usbdev.cpp(209): warning C4996: 'sprintf': This function or variable may be unsafe. Consider using sprintf_s instead. To disable deprecation, use _CRT_SECURE_NO_WARNINGS. See online help for details.
                 c:\program files (x86)\microsoft visual studio 10.0\vc\include\stdio.h(371) : see declaration of 'sprintf'
     1>h:\project\usbcapture\sdk\usbdev\usbdev.cpp(230): warning C4996: 'sprintf': This function or variable may be unsafe. Consider using sprintf_s instead. To disable deprecation, use _CRT_SECURE_NO_WARNINGS. See online help for details.
                 c:\program files (x86)\microsoft visual studio 10.0\vc\include\stdio.h(371) : see declaration of 'sprintf'
     1>h:\project\usbcapture\sdk\usbdev\usbdev.cpp(246): warning C4996: 'sprintf': This function or variable may be unsafe. Consider using sprintf_s instead. To disable deprecation, use _CRT_SECURE_NO_WARNINGS. See online help for details.
                 c:\program files (x86)\microsoft visual studio 10.0\vc\include\stdio.h(371) : see declaration of 'sprintf'
     1>h:\project\usbcapture\sdk\usbdev\usbdev.cpp(254): warning C4996: 'sprintf': This function or variable may be unsafe. Consider using sprintf_s instead. To disable deprecation, use _CRT_SECURE_NO_WARNINGS. See online help for details.
                 c:\program files (x86)\microsoft visual studio 10.0\vc\include\stdio.h(371) : see declaration of 'sprintf'
     1>h:\project\usbcapture\sdk\usbdev\usbdev.cpp(316): warning C4996: 'sprintf': This function or variable may be unsafe. Consider using sprintf_s instead. To disable deprecation, use _CRT_SECURE_NO_WARNINGS. See online help for details.
                 c:\program files (x86)\microsoft visual studio 10.0\vc\include\stdio.h(371) : see declaration of 'sprintf'
     1>h:\project\usbcapture\sdk\usbdev\usbdev.cpp(547): warning C4101: 'nEnd' : unreferenced local variable
     1>h:\project\usbcapture\sdk\usbdev\usbdev.cpp(547): warning C4101: 'nStart' : unreferenced local variable
     1>h:\project\usbcapture\sdk\usbdev\usbdev.cpp(660): warning C4996: 'sprintf': This function or variable may be unsafe. Consider using sprintf_s instead. To disable deprecation, use _CRT_SECURE_NO_WARNINGS. See online help for details.
                 c:\program files (x86)\microsoft visual studio 10.0\vc\include\stdio.h(371) : see declaration of 'sprintf'
     1>h:\project\usbcapture\sdk\usbdev\usbdev.cpp(710): warning C4065: switch statement contains 'default' but no 'case' labels
         USBController.cpp
     1>h:\project\usbcapture\sdk\usbdev\usbcontroller.cpp(28): warning C4996: 'fopen': This function or variable may be unsafe. Consider using fopen_s instead. To disable deprecation, use _CRT_SECURE_NO_WARNINGS. See online help for details.
                 c:\program files (x86)\microsoft visual studio 10.0\vc\include\stdio.h(234) : see declaration of 'fopen'
     1>h:\project\usbcapture\sdk\usbdev\usbcontroller.cpp(56): warning C4996: 'fopen': This function or variable may be unsafe. Consider using fopen_s instead. To disable deprecation, use _CRT_SECURE_NO_WARNINGS. See online help for details.
                 c:\program files (x86)\microsoft visual studio 10.0\vc\include\stdio.h(234) : see declaration of 'fopen'
     1>h:\project\usbcapture\sdk\usbdev\usbcontroller.cpp(123): warning C4018: '<' : signed/unsigned mismatch
     1>h:\project\usbcapture\sdk\usbdev\usbcontroller.cpp(149): warning C4146: unary minus operator applied to unsigned type, result still unsigned
     1>h:\project\usbcapture\sdk\usbdev\usbcontroller.cpp(213): warning C4996: 'sprintf': This function or variable may be unsafe. Consider using sprintf_s instead. To disable deprecation, use _CRT_SECURE_NO_WARNINGS. See online help for details.
                 c:\program files (x86)\microsoft visual studio 10.0\vc\include\stdio.h(371) : see declaration of 'sprintf'
     1>h:\project\usbcapture\sdk\usbdev\usbcontroller.cpp(234): warning C4996: 'sprintf': This function or variable may be unsafe. Consider using sprintf_s instead. To disable deprecation, use _CRT_SECURE_NO_WARNINGS. See online help for details.
                 c:\program files (x86)\microsoft visual studio 10.0\vc\include\stdio.h(371) : see declaration of 'sprintf'
     1>h:\project\usbcapture\sdk\usbdev\usbcontroller.cpp(244): warning C4996: 'sprintf': This function or variable may be unsafe. Consider using sprintf_s instead. To disable deprecation, use _CRT_SECURE_NO_WARNINGS. See online help for details.
                 c:\program files (x86)\microsoft visual studio 10.0\vc\include\stdio.h(371) : see declaration of 'sprintf'
     1>h:\project\usbcapture\sdk\usbdev\usbcontroller.cpp(256): warning C4996: 'sprintf': This function or variable may be unsafe. Consider using sprintf_s instead. To disable deprecation, use _CRT_SECURE_NO_WARNINGS. See online help for details.
                 c:\program files (x86)\microsoft visual studio 10.0\vc\include\stdio.h(371) : see declaration of 'sprintf'
     1>h:\project\usbcapture\sdk\usbdev\usbcontroller.cpp(264): warning C4996: 'sprintf': This function or variable may be unsafe. Consider using sprintf_s instead. To disable deprecation, use _CRT_SECURE_NO_WARNINGS. See online help for details.
                 c:\program files (x86)\microsoft visual studio 10.0\vc\include\stdio.h(371) : see declaration of 'sprintf'
     1>h:\project\usbcapture\sdk\usbdev\usbcontroller.cpp(200): warning C4101: 'pBulk' : unreferenced local variable
     1>h:\project\usbcapture\sdk\usbdev\usbcontroller.cpp(313): warning C4018: '<' : signed/unsigned mismatch
     1>h:\project\usbcapture\sdk\usbdev\usbcontroller.cpp(318): warning C4018: '<' : signed/unsigned mismatch
     1>h:\project\usbcapture\sdk\usbdev\usbcontroller.cpp(327): warning C4018: '<' : signed/unsigned mismatch
     1>h:\project\usbcapture\sdk\usbdev\usbcontroller.cpp(380): warning C4018: '<' : signed/unsigned mismatch
     1>h:\project\usbcapture\sdk\usbdev\usbcontroller.cpp(666): warning C4101: 'pBulk' : unreferenced local variable
     1>h:\project\usbcapture\sdk\usbdev\usbcontroller.cpp(719): warning C4996: 'sprintf': This function or variable may be unsafe. Consider using sprintf_s instead. To disable deprecation, use _CRT_SECURE_NO_WARNINGS. See online help for details.
                 c:\program files (x86)\microsoft visual studio 10.0\vc\include\stdio.h(371) : see declaration of 'sprintf'
     1>h:\project\usbcapture\sdk\usbdev\usbcontroller.cpp(837): warning C4996: 'sprintf': This function or variable may be unsafe. Consider using sprintf_s instead. To disable deprecation, use _CRT_SECURE_NO_WARNINGS. See online help for details.
                 c:\program files (x86)\microsoft visual studio 10.0\vc\include\stdio.h(371) : see declaration of 'sprintf'
     1>h:\project\usbcapture\sdk\usbdev\usbcontroller.cpp(831): warning C4101: 'bRet' : unreferenced local variable
         main.cpp
     1>h:\project\usbcapture\sdk\usbdev\test\main.cpp(24): warning C4101: 'FrameInfo' : unreferenced local variable
     1>h:\project\usbcapture\sdk\usbdev\test\main.cpp(95): warning C4101: 'FrameInfo' : unreferenced local variable
     1>h:\project\usbcapture\sdk\usbdev\test\main.cpp(506): warning C4996: 'scanf': This function or variable may be unsafe. Consider using scanf_s instead. To disable deprecation, use _CRT_SECURE_NO_WARNINGS. See online help for details.
                 c:\program files (x86)\microsoft visual studio 10.0\vc\include\stdio.h(304) : see declaration of 'scanf'
     1>h:\project\usbcapture\sdk\usbdev\test\main.cpp(682): warning C4996: 'fopen': This function or variable may be unsafe. Consider using fopen_s instead. To disable deprecation, use _CRT_SECURE_NO_WARNINGS. See online help for details.
                 c:\program files (x86)\microsoft visual studio 10.0\vc\include\stdio.h(234) : see declaration of 'fopen'
     1>h:\project\usbcapture\sdk\usbdev\test\main.cpp(695): warning C4996: 'sprintf': This function or variable may be unsafe. Consider using sprintf_s instead. To disable deprecation, use _CRT_SECURE_NO_WARNINGS. See online help for details.
                 c:\program files (x86)\microsoft visual studio 10.0\vc\include\stdio.h(371) : see declaration of 'sprintf'
     1>h:\project\usbcapture\sdk\usbdev\test\main.cpp(696): warning C4996: 'sprintf': This function or variable may be unsafe. Consider using sprintf_s instead. To disable deprecation, use _CRT_SECURE_NO_WARNINGS. See online help for details.
                 c:\program files (x86)\microsoft visual studio 10.0\vc\include\stdio.h(371) : see declaration of 'sprintf'
     1>h:\project\usbcapture\sdk\usbdev\test\main.cpp(706): warning C4996: 'scanf': This function or variable may be unsafe. Consider using scanf_s instead. To disable deprecation, use _CRT_SECURE_NO_WARNINGS. See online help for details.
                 c:\program files (x86)\microsoft visual studio 10.0\vc\include\stdio.h(304) : see declaration of 'scanf'
     1>h:\project\usbcapture\sdk\usbdev\test\main.cpp(716): warning C4996: 'scanf': This function or variable may be unsafe. Consider using scanf_s instead. To disable deprecation, use _CRT_SECURE_NO_WARNINGS. See online help for details.
                 c:\program files (x86)\microsoft visual studio 10.0\vc\include\stdio.h(304) : see declaration of 'scanf'
     1>h:\project\usbcapture\sdk\usbdev\test\main.cpp(723): warning C4996: 'scanf': This function or variable may be unsafe. Consider using scanf_s instead. To disable deprecation, use _CRT_SECURE_NO_WARNINGS. See online help for details.
                 c:\program files (x86)\microsoft visual studio 10.0\vc\include\stdio.h(304) : see declaration of 'scanf'
     1>h:\project\usbcapture\sdk\usbdev\test\main.cpp(738): warning C4996: 'fopen': This function or variable may be unsafe. Consider using fopen_s instead. To disable deprecation, use _CRT_SECURE_NO_WARNINGS. See online help for details.
                 c:\program files (x86)\microsoft visual studio 10.0\vc\include\stdio.h(234) : see declaration of 'fopen'
     1>h:\project\usbcapture\sdk\usbdev\test\main.cpp(746): warning C4996: 'scanf': This function or variable may be unsafe. Consider using scanf_s instead. To disable deprecation, use _CRT_SECURE_NO_WARNINGS. See online help for details.
                 c:\program files (x86)\microsoft visual studio 10.0\vc\include\stdio.h(304) : see declaration of 'scanf'
     1>h:\project\usbcapture\sdk\usbdev\test\main.cpp(749): warning C4996: 'fopen': This function or variable may be unsafe. Consider using fopen_s instead. To disable deprecation, use _CRT_SECURE_NO_WARNINGS. See online help for details.
                 c:\program files (x86)\microsoft visual studio 10.0\vc\include\stdio.h(234) : see declaration of 'fopen'
     1>h:\project\usbcapture\sdk\usbdev\test\main.cpp(775): warning C4996: 'sprintf': This function or variable may be unsafe. Consider using sprintf_s instead. To disable deprecation, use _CRT_SECURE_NO_WARNINGS. See online help for details.
                 c:\program files (x86)\microsoft visual studio 10.0\vc\include\stdio.h(371) : see declaration of 'sprintf'
     1>h:\project\usbcapture\sdk\usbdev\test\main.cpp(777): warning C4996: 'fopen': This function or variable may be unsafe. Consider using fopen_s instead. To disable deprecation, use _CRT_SECURE_NO_WARNINGS. See online help for details.
                 c:\program files (x86)\microsoft visual studio 10.0\vc\include\stdio.h(234) : see declaration of 'fopen'
     1>h:\project\usbcapture\sdk\usbdev\test\main.cpp(797): warning C4996: 'sprintf': This function or variable may be unsafe. Consider using sprintf_s instead. To disable deprecation, use _CRT_SECURE_NO_WARNINGS. See online help for details.
                 c:\program files (x86)\microsoft visual studio 10.0\vc\include\stdio.h(371) : see declaration of 'sprintf'
     1>h:\project\usbcapture\sdk\usbdev\test\main.cpp(799): warning C4996: 'fopen': This function or variable may be unsafe. Consider using fopen_s instead. To disable deprecation, use _CRT_SECURE_NO_WARNINGS. See online help for details.
                 c:\program files (x86)\microsoft visual studio 10.0\vc\include\stdio.h(234) : see declaration of 'fopen'
     1>h:\project\usbcapture\sdk\usbdev\test\main.cpp(819): warning C4996: 'sprintf': This function or variable may be unsafe. Consider using sprintf_s instead. To disable deprecation, use _CRT_SECURE_NO_WARNINGS. See online help for details.
                 c:\program files (x86)\microsoft visual studio 10.0\vc\include\stdio.h(371) : see declaration of 'sprintf'
     1>h:\project\usbcapture\sdk\usbdev\test\main.cpp(821): warning C4996: 'fopen': This function or variable may be unsafe. Consider using fopen_s instead. To disable deprecation, use _CRT_SECURE_NO_WARNINGS. See online help for details.
                 c:\program files (x86)\microsoft visual studio 10.0\vc\include\stdio.h(234) : see declaration of 'fopen'
     1>h:\project\usbcapture\sdk\usbdev\test\main.cpp(841): warning C4996: 'sprintf': This function or variable may be unsafe. Consider using sprintf_s instead. To disable deprecation, use _CRT_SECURE_NO_WARNINGS. See online help for details.
                 c:\program files (x86)\microsoft visual studio 10.0\vc\include\stdio.h(371) : see declaration of 'sprintf'
     1>h:\project\usbcapture\sdk\usbdev\test\main.cpp(843): warning C4996: 'fopen': This function or variable may be unsafe. Consider using fopen_s instead. To disable deprecation, use _CRT_SECURE_NO_WARNINGS. See online help for details.
                 c:\program files (x86)\microsoft visual studio 10.0\vc\include\stdio.h(234) : see declaration of 'fopen'
     1>h:\project\usbcapture\sdk\usbdev\test\main.cpp(867): warning C4996: 'scanf': This function or variable may be unsafe. Consider using scanf_s instead. To disable deprecation, use _CRT_SECURE_NO_WARNINGS. See online help for details.
                 c:\program files (x86)\microsoft visual studio 10.0\vc\include\stdio.h(304) : see declaration of 'scanf'
     1>h:\project\usbcapture\sdk\usbdev\test\main.cpp(447): warning C4101: 'pbuf' : unreferenced local variable
         RawStreamParser.cpp
         Threads_WIN.cpp
     1>h:\project\usbcapture\sdk\usbdev\misc\threads_win.cpp(15): warning C4996: '_ftime64': This function or variable may be unsafe. Consider using _ftime64_s instead. To disable deprecation, use _CRT_SECURE_NO_WARNINGS. See online help for details.
                 c:\program files (x86)\microsoft visual studio 10.0\vc\include\sys\timeb.h(124) : see declaration of '_ftime64'
     1>h:\project\usbcapture\sdk\usbdev\misc\threads_win.cpp(26): warning C4996: '_ftime64': This function or variable may be unsafe. Consider using _ftime64_s instead. To disable deprecation, use _CRT_SECURE_NO_WARNINGS. See online help for details.
                 c:\program files (x86)\microsoft visual studio 10.0\vc\include\sys\timeb.h(124) : see declaration of '_ftime64'
         Semaphore_WIN.cpp
         FrameSync.cpp
     1>h:\project\usbcapture\sdk\usbdev\framesync.cpp(174): warning C4018: '>' : signed/unsigned mismatch
     1>h:\project\usbcapture\sdk\usbdev\framesync.cpp(184): warning C4244: '=' : conversion from 'UINT64' to 'int', possible loss of data
         Bayer2RGBA.cpp
     1>h:\project\usbcapture\sdk\usbdev\bayer2rgba.cpp(26): warning C4018: '<' : signed/unsigned mismatch
     1>h:\project\usbcapture\sdk\usbdev\bayer2rgba.cpp(36): warning C4018: '<' : signed/unsigned mismatch
     1>h:\project\usbcapture\sdk\usbdev\bayer2rgba.cpp(39): warning C4018: '<' : signed/unsigned mismatch
     1>h:\project\usbcapture\sdk\usbdev\bayer2rgba.cpp(57): warning C4018: '<' : signed/unsigned mismatch
     1>h:\project\usbcapture\sdk\usbdev\bayer2rgba.cpp(61): warning C4018: '<' : signed/unsigned mismatch
     1>h:\project\usbcapture\sdk\usbdev\bayer2rgba.cpp(64): warning C4244: '=' : conversion from 'double' to 'BYTE', possible loss of data
     1>h:\project\usbcapture\sdk\usbdev\bayer2rgba.cpp(80): warning C4018: '<' : signed/unsigned mismatch
     1>h:\project\usbcapture\sdk\usbdev\bayer2rgba.cpp(87): warning C4018: '<' : signed/unsigned mismatch
     1>h:\project\usbcapture\sdk\usbdev\bayer2rgba.cpp(120): warning C4018: '<' : signed/unsigned mismatch
     1>h:\project\usbcapture\sdk\usbdev\bayer2rgba.cpp(168): warning C4018: '>=' : signed/unsigned mismatch
     1>h:\project\usbcapture\sdk\usbdev\bayer2rgba.cpp(236): warning C4018: '>=' : signed/unsigned mismatch
     1>h:\project\usbcapture\sdk\usbdev\bayer2rgba.cpp(290): warning C4018: '<' : signed/unsigned mismatch
     1>h:\project\usbcapture\sdk\usbdev\bayer2rgba.cpp(299): warning C4018: '<' : signed/unsigned mismatch
     1>h:\project\usbcapture\sdk\usbdev\bayer2rgba.cpp(306): warning C4018: '<' : signed/unsigned mismatch
     1>h:\project\usbcapture\sdk\usbdev\bayer2rgba.cpp(321): warning C4018: '<' : signed/unsigned mismatch
     1>h:\project\usbcapture\sdk\usbdev\bayer2rgba.cpp(324): warning C4018: '<' : signed/unsigned mismatch
     1>h:\project\usbcapture\sdk\usbdev\bayer2rgba.cpp(330): warning C4244: 'return' : conversion from 'double' to 'UINT32', possible loss of data
     1>h:\project\usbcapture\sdk\usbdev\bayer2rgba.cpp(343): warning C4018: '<' : signed/unsigned mismatch
     1>h:\project\usbcapture\sdk\usbdev\bayer2rgba.cpp(347): warning C4018: '<' : signed/unsigned mismatch
     1>h:\project\usbcapture\sdk\usbdev\bayer2rgba.cpp(358): warning C4244: '=' : conversion from 'double' to 'BYTE', possible loss of data
     1>h:\project\usbcapture\sdk\usbdev\bayer2rgba.cpp(362): warning C4244: '=' : conversion from 'double' to 'BYTE', possible loss of data
     1>h:\project\usbcapture\sdk\usbdev\bayer2rgba.cpp(366): warning C4244: '=' : conversion from 'double' to 'BYTE', possible loss of data
     1>h:\project\usbcapture\sdk\usbdev\bayer2rgba.cpp(381): warning C4018: '<' : signed/unsigned mismatch
     1>h:\project\usbcapture\sdk\usbdev\bayer2rgba.cpp(385): warning C4018: '<' : signed/unsigned mismatch
     1>h:\project\usbcapture\sdk\usbdev\bayer2rgba.cpp(388): warning C4244: '=' : conversion from 'double' to 'BYTE', possible loss of data
     1>h:\project\usbcapture\sdk\usbdev\bayer2rgba.cpp(389): warning C4244: '=' : conversion from 'double' to 'BYTE', possible loss of data
     1>h:\project\usbcapture\sdk\usbdev\bayer2rgba.cpp(390): warning C4244: '=' : conversion from 'double' to 'BYTE', possible loss of data
     1>h:\project\usbcapture\sdk\usbdev\bayer2rgba.cpp(405): warning C4018: '<' : signed/unsigned mismatch
     1>h:\project\usbcapture\sdk\usbdev\bayer2rgba.cpp(409): warning C4018: '<' : signed/unsigned mismatch
     1>h:\project\usbcapture\sdk\usbdev\bayer2rgba.cpp(429): warning C4018: '<' : signed/unsigned mismatch
     1>h:\project\usbcapture\sdk\usbdev\bayer2rgba.cpp(433): warning C4018: '<' : signed/unsigned mismatch
     1>h:\project\usbcapture\sdk\usbdev\bayer2rgba.cpp(449): warning C4996: 'fopen': This function or variable may be unsafe. Consider using fopen_s instead. To disable deprecation, use _CRT_SECURE_NO_WARNINGS. See online help for details.
                 c:\program files (x86)\microsoft visual studio 10.0\vc\include\stdio.h(234) : see declaration of 'fopen'
     1>h:\project\usbcapture\sdk\usbdev\bayer2rgba.cpp(456): warning C4996: 'fopen': This function or variable may be unsafe. Consider using fopen_s instead. To disable deprecation, use _CRT_SECURE_NO_WARNINGS. See online help for details.
                 c:\program files (x86)\microsoft visual studio 10.0\vc\include\stdio.h(234) : see declaration of 'fopen'
     1>h:\project\usbcapture\sdk\usbdev\bayer2rgba.cpp(469): warning C4996: 'fopen': This function or variable may be unsafe. Consider using fopen_s instead. To disable deprecation, use _CRT_SECURE_NO_WARNINGS. See online help for details.
                 c:\program files (x86)\microsoft visual studio 10.0\vc\include\stdio.h(234) : see declaration of 'fopen'
     1>h:\project\usbcapture\sdk\usbdev\bayer2rgba.cpp(472): warning C4018: '<' : signed/unsigned mismatch
     1>h:\project\usbcapture\sdk\usbdev\bayer2rgba.cpp(475): warning C4018: '<' : signed/unsigned mismatch
     1>h:\project\usbcapture\sdk\usbdev\bayer2rgba.cpp(477): warning C4996: 'sprintf': This function or variable may be unsafe. Consider using sprintf_s instead. To disable deprecation, use _CRT_SECURE_NO_WARNINGS. See online help for details.
                 c:\program files (x86)\microsoft visual studio 10.0\vc\include\stdio.h(371) : see declaration of 'sprintf'
     1>h:\project\usbcapture\sdk\usbdev\bayer2rgba.cpp(480): warning C4996: 'sprintf': This function or variable may be unsafe. Consider using sprintf_s instead. To disable deprecation, use _CRT_SECURE_NO_WARNINGS. See online help for details.
                 c:\program files (x86)\microsoft visual studio 10.0\vc\include\stdio.h(371) : see declaration of 'sprintf'
     1>h:\project\usbcapture\sdk\usbdev\bayer2rgba.cpp(503): warning C4018: '<' : signed/unsigned mismatch
     1>h:\project\usbcapture\sdk\usbdev\bayer2rgba.cpp(507): warning C4018: '>' : signed/unsigned mismatch
     1>h:\project\usbcapture\sdk\usbdev\bayer2rgba.cpp(516): warning C4018: '<' : signed/unsigned mismatch
     1>h:\project\usbcapture\sdk\usbdev\bayer2rgba.cpp(520): warning C4018: '>' : signed/unsigned mismatch
     1>h:\project\usbcapture\sdk\usbdev\bayer2rgba.cpp(543): warning C4018: '<' : signed/unsigned mismatch
     1>h:\project\usbcapture\sdk\usbdev\bayer2rgba.cpp(547): warning C4018: '>' : signed/unsigned mismatch
     1>h:\project\usbcapture\sdk\usbdev\bayer2rgba.cpp(556): warning C4018: '<' : signed/unsigned mismatch
     1>h:\project\usbcapture\sdk\usbdev\bayer2rgba.cpp(614): warning C4996: 'fopen': This function or variable may be unsafe. Consider using fopen_s instead. To disable deprecation, use _CRT_SECURE_NO_WARNINGS. See online help for details.
                 c:\program files (x86)\microsoft visual studio 10.0\vc\include\stdio.h(234) : see declaration of 'fopen'
     1>h:\project\usbcapture\sdk\usbdev\bayer2rgba.cpp(658): warning C4018: '<' : signed/unsigned mismatch
     1>h:\project\usbcapture\sdk\usbdev\bayer2rgba.cpp(663): warning C4018: '<' : signed/unsigned mismatch
     1>h:\project\usbcapture\sdk\usbdev\bayer2rgba.cpp(688): warning C4018: '<' : signed/unsigned mismatch
     1>h:\project\usbcapture\sdk\usbdev\bayer2rgba.cpp(704): warning C4996: 'fopen': This function or variable may be unsafe. Consider using fopen_s instead. To disable deprecation, use _CRT_SECURE_NO_WARNINGS. See online help for details.
                 c:\program files (x86)\microsoft visual studio 10.0\vc\include\stdio.h(234) : see declaration of 'fopen'
     1>h:\project\usbcapture\sdk\usbdev\bayer2rgba.cpp(765): warning C4996: 'fopen': This function or variable may be unsafe. Consider using fopen_s instead. To disable deprecation, use _CRT_SECURE_NO_WARNINGS. See online help for details.
                 c:\program files (x86)\microsoft visual studio 10.0\vc\include\stdio.h(234) : see declaration of 'fopen'
     1>h:\project\usbcapture\sdk\usbdev\bayer2rgba.cpp(866): warning C4018: '<' : signed/unsigned mismatch
     1>h:\project\usbcapture\sdk\usbdev\bayer2rgba.cpp(869): warning C4018: '<' : signed/unsigned mismatch
     1>h:\project\usbcapture\sdk\usbdev\bayer2rgba.cpp(898): warning C4018: '<' : signed/unsigned mismatch
     1>h:\project\usbcapture\sdk\usbdev\bayer2rgba.cpp(900): warning C4244: '*=' : conversion from 'double' to 'BYTE', possible loss of data
     1>h:\project\usbcapture\sdk\usbdev\bayer2rgba.cpp(901): warning C4244: '*=' : conversion from 'double' to 'BYTE', possible loss of data
     1>h:\project\usbcapture\sdk\usbdev\bayer2rgba.cpp(902): warning C4244: '*=' : conversion from 'double' to 'BYTE', possible loss of data
     1>h:\project\usbcapture\sdk\usbdev\bayer2rgba.cpp(912): warning C4996: 'fopen': This function or variable may be unsafe. Consider using fopen_s instead. To disable deprecation, use _CRT_SECURE_NO_WARNINGS. See online help for details.
                 c:\program files (x86)\microsoft visual studio 10.0\vc\include\stdio.h(234) : see declaration of 'fopen'
     1>h:\project\usbcapture\sdk\usbdev\bayer2rgba.cpp(918): warning C4018: '<' : signed/unsigned mismatch
     1>h:\project\usbcapture\sdk\usbdev\bayer2rgba.cpp(934): warning C4018: '<' : signed/unsigned mismatch
     1>h:\project\usbcapture\sdk\usbdev\bayer2rgba.cpp(937): warning C4018: '<' : signed/unsigned mismatch
     1>h:\project\usbcapture\sdk\usbdev\bayer2rgba.cpp(944): warning C4018: '<' : signed/unsigned mismatch
     1>h:\project\usbcapture\sdk\usbdev\bayer2rgba.cpp(947): warning C4018: '<' : signed/unsigned mismatch
     1>h:\project\usbcapture\sdk\usbdev\bayer2rgba.cpp(954): warning C4018: '<' : signed/unsigned mismatch
     1>h:\project\usbcapture\sdk\usbdev\bayer2rgba.cpp(957): warning C4018: '<' : signed/unsigned mismatch
     1>h:\project\usbcapture\sdk\usbdev\bayer2rgba.cpp(964): warning C4018: '<' : signed/unsigned mismatch
     1>h:\project\usbcapture\sdk\usbdev\bayer2rgba.cpp(967): warning C4018: '<' : signed/unsigned mismatch
     1>h:\project\usbcapture\sdk\usbdev\bayer2rgba.cpp(974): warning C4018: '<' : signed/unsigned mismatch
     1>h:\project\usbcapture\sdk\usbdev\bayer2rgba.cpp(977): warning C4018: '<' : signed/unsigned mismatch
     1>h:\project\usbcapture\sdk\usbdev\bayer2rgba.cpp(984): warning C4018: '<' : signed/unsigned mismatch
     1>h:\project\usbcapture\sdk\usbdev\bayer2rgba.cpp(987): warning C4018: '<' : signed/unsigned mismatch
     1>h:\project\usbcapture\sdk\usbdev\bayer2rgba.cpp(994): warning C4018: '<' : signed/unsigned mismatch
     1>h:\project\usbcapture\sdk\usbdev\bayer2rgba.cpp(997): warning C4018: '<' : signed/unsigned mismatch
     1>h:\project\usbcapture\sdk\usbdev\bayer2rgba.cpp(1004): warning C4018: '<' : signed/unsigned mismatch
     1>h:\project\usbcapture\sdk\usbdev\bayer2rgba.cpp(1007): warning C4018: '<' : signed/unsigned mismatch
     1>h:\project\usbcapture\sdk\usbdev\bayer2rgba.cpp(1017): warning C4018: '<' : signed/unsigned mismatch
     1>h:\project\usbcapture\sdk\usbdev\bayer2rgba.cpp(1020): warning C4018: '<' : signed/unsigned mismatch
     1>h:\project\usbcapture\sdk\usbdev\bayer2rgba.cpp(1057): warning C4018: '<' : signed/unsigned mismatch
     1>h:\project\usbcapture\sdk\usbdev\bayer2rgba.cpp(1157): warning C4018: '<' : signed/unsigned mismatch
     1>h:\project\usbcapture\sdk\usbdev\bayer2rgba.cpp(1165): warning C4018: '<' : signed/unsigned mismatch
         Generating Code...
     1>h:\project\usbcapture\sdk\usbdev\test\main.cpp(768): warning C4700: uninitialized local variable 'FrameInfo' used
       ResourceCompile:
         C:\Program Files (x86)\Microsoft SDKs\Windows\v7.0A\bin\rc.exe /l"0x0409" /nologo /fo"Debug\Resources.res" Resources.rc 
       ManifestResourceCompile:
         C:\Program Files (x86)\Microsoft SDKs\Windows\v7.0A\bin\rc.exe /nologo /fo"Debug\USBDev_App.exe.embed.manifest.res" Debug\USBDev_App_manifest.rc 
       Link:
         C:\Program Files (x86)\Microsoft Visual Studio 10.0\VC\bin\link.exe /ERRORREPORT:PROMPT /OUT:"..\Build\Debug\USBDev_App.exe" /INCREMENTAL /NOLOGO kernel32.lib user32.lib gdi32.lib winspool.lib comdlg32.lib advapi32.lib shell32.lib ole32.lib oleaut32.lib uuid.lib odbc32.lib odbccp32.lib /MANIFEST /ManifestFile:"Debug\USBDev_App.exe.intermediate.manifest" /MANIFESTUAC:"level='asInvoker' uiAccess='false'" /DEBUG /PDB:"H:\Project\USBCapture\SDK\Build\Debug\USBDev_App.pdb" /SUBSYSTEM:CONSOLE /TLBID:1 /DYNAMICBASE /NXCOMPAT /IMPLIB:"..\Build\Debug\USBDev_App.lib" /MACHINE:X86 Debug\Resources.res
         Debug\USBDev_App.exe.embed.manifest.res
         Debug\Bayer2RGBA.obj
         Debug\FrameSync.obj
         Debug\Semaphore_WIN.obj
         Debug\Threads_WIN.obj
         Debug\RawStreamParser.obj
         Debug\main.obj
         Debug\USBController.obj
         Debug\USBDev.obj
         Debug\USBDevice_Crop.obj
         Debug\USBDevice_FrameRecv.obj
         Debug\USBDevice_GetFrame.obj
         Debug\CyAPI.obj
         Debug\USBIO_WIN.obj
       Manifest:
         Deleting file "Debug\USBDev_App.exe.embed.manifest".
         C:\Program Files (x86)\Microsoft SDKs\Windows\v7.0A\bin\mt.exe /nologo /verbose /out:"Debug\USBDev_App.exe.embed.manifest" /manifest Debug\USBDev_App.exe.intermediate.manifest
         C:\Program Files (x86)\Microsoft SDKs\Windows\v7.0A\bin\rc.exe /nologo /fo"Debug\USBDev_App.exe.embed.manifest.res" Debug\USBDev_App_manifest.rc 
       LinkEmbedManifest:
         C:\Program Files (x86)\Microsoft Visual Studio 10.0\VC\bin\link.exe /ERRORREPORT:PROMPT /OUT:"..\Build\Debug\USBDev_App.exe" /INCREMENTAL /NOLOGO kernel32.lib user32.lib gdi32.lib winspool.lib comdlg32.lib advapi32.lib shell32.lib ole32.lib oleaut32.lib uuid.lib odbc32.lib odbccp32.lib /MANIFEST /ManifestFile:"Debug\USBDev_App.exe.intermediate.manifest" /MANIFESTUAC:"level='asInvoker' uiAccess='false'" /DEBUG /PDB:"H:\Project\USBCapture\SDK\Build\Debug\USBDev_App.pdb" /SUBSYSTEM:CONSOLE /TLBID:1 /DYNAMICBASE /NXCOMPAT /IMPLIB:"..\Build\Debug\USBDev_App.lib" /MACHINE:X86 Debug\Resources.res
         Debug\USBDev_App.exe.embed.manifest.res
         Debug\Bayer2RGBA.obj
         Debug\FrameSync.obj
         Debug\Semaphore_WIN.obj
         Debug\Threads_WIN.obj
         Debug\RawStreamParser.obj
         Debug\main.obj
         Debug\USBController.obj
         Debug\USBDev.obj
         Debug\USBDevice_Crop.obj
         Debug\USBDevice_FrameRecv.obj
         Debug\USBDevice_GetFrame.obj
         Debug\CyAPI.obj
         Debug\USBIO_WIN.obj
         USBDev_App.vcxproj -> H:\Project\USBCapture\SDK\USBDev\..\Build\Debug\USBDev_App.exe
       FinalizeBuildStatus:
         Deleting file "Debug\USBDev_App.unsuccessfulbuild".
         Touching "Debug\USBDev_App.lastbuildstate".
     1>Done Building Project "H:\Project\USBCapture\SDK\USBDev\USBDev_App.vcxproj" (rebuild target(s)).

Build succeeded.

Time Elapsed 00:00:04.43
