..\Build\Debug\USBDev.ilk
..\Build\Debug\USBDev.pdb
H:\PROJECT\USBCAPTURE\SDK\BUILD\DEBUG\USBDEV.DLL
H:\Project\USBCapture\SDK\Build\Debug\USBDev.exp
H:\PROJECT\USBCAPTURE\SDK\BUILD\DEBUG\USBDEV.ILK
H:\Project\USBCapture\SDK\Build\Debug\USBDev.lib
H:\PROJECT\USBCAPTURE\SDK\BUILD\DEBUG\USBDEV.PDB
H:\Project\USBCapture\SDK\USBDev\..\Build\Debug\USBDev.dll
H:\PROJECT\USBCAPTURE\SDK\USBDEV\DEBUG\BAYER2RGBA.OBJ
H:\Project\USBCapture\SDK\USBDev\Debug\cl.command.1.tlog
H:\Project\USBCapture\SDK\USBDev\Debug\CL.read.1.tlog
H:\Project\USBCapture\SDK\USBDev\Debug\CL.write.1.tlog
H:\PROJECT\USBCAPTURE\SDK\USBDEV\DEBUG\CYAPI.OBJ
H:\PROJECT\USBCAPTURE\SDK\USBDEV\DEBUG\FRAMESYNC.OBJ
H:\Project\USBCapture\SDK\USBDev\Debug\link.command.1.tlog
H:\Project\USBCapture\SDK\USBDev\Debug\link.read.1.tlog
H:\Project\USBCapture\SDK\USBDev\Debug\link.write.1.tlog
H:\Project\USBCapture\SDK\USBDev\Debug\link-cvtres.read.1.tlog
H:\Project\USBCapture\SDK\USBDev\Debug\link-cvtres.write.1.tlog
H:\PROJECT\USBCAPTURE\SDK\USBDEV\DEBUG\RAWSTREAMPARSER.OBJ
H:\Project\USBCapture\SDK\USBDev\Debug\rc.command.1.tlog
H:\Project\USBCapture\SDK\USBDev\Debug\rc.read.1.tlog
H:\Project\USBCapture\SDK\USBDev\Debug\rc.write.1.tlog
H:\PROJECT\USBCAPTURE\SDK\USBDEV\DEBUG\RESOURCES.RES
H:\PROJECT\USBCAPTURE\SDK\USBDEV\DEBUG\SEMAPHORE_WIN.OBJ
H:\PROJECT\USBCAPTURE\SDK\USBDEV\DEBUG\THREADS_WIN.OBJ
H:\PROJECT\USBCAPTURE\SDK\USBDEV\DEBUG\USBCONTROLLER.OBJ
H:\PROJECT\USBCAPTURE\SDK\USBDEV\DEBUG\USBDEV.OBJ
H:\Project\USBCapture\SDK\USBDev\Debug\USBDev.vcxprojResolveAssemblyReference.cache
H:\Project\USBCapture\SDK\USBDev\Debug\USBDev.write.1.tlog
H:\PROJECT\USBCAPTURE\SDK\USBDEV\DEBUG\USBDEVICE_CROP.OBJ
H:\PROJECT\USBCAPTURE\SDK\USBDEV\DEBUG\USBDEVICE_FRAMERECV.OBJ
H:\PROJECT\USBCAPTURE\SDK\USBDEV\DEBUG\USBDEVICE_GETFRAME.OBJ
H:\PROJECT\USBCAPTURE\SDK\USBDEV\DEBUG\USBIO_WIN.OBJ
H:\Project\USBCapture\SDK\USBDev\Debug\vc100.idb
H:\PROJECT\USBCAPTURE\SDK\USBDEV\DEBUG\VC100.PDB
